<?xml version="1.0" encoding="UTF-8"?>
<!-- Generated by org.testng.reporters.JUnitXMLReporter -->
<testsuite ignored="0" hostname="IN-BBKRXM3" failures="0" tests="6" name="Default test" time="71.906" errors="0" timestamp="2023-10-04T16:04:18 IST">
  <testcase classname="tests.Demotest" name="test1" time="12.356"/>
  <testcase classname="tests.Demotest" name="test2" time="7.94"/>
  <testcase classname="tests.Demotest" name="test3" time="8.049"/>
  <testcase classname="tests.Demotest" name="test4" time="8.338"/>
  <testcase classname="tests.Demotest" name="test5" time="8.244"/>
  <testcase classname="tests.Demotest" name="test6" time="7.901"/>
</testsuite> <!-- Default test -->
