<?xml version="1.0" encoding="UTF-8"?>
<testng-results ignored="0" total="6" passed="6" failed="0" skipped="0">
  <reporter-output>
  </reporter-output>
  <suite started-at="2023-10-04T16:03:06 IST" name="Default suite" finished-at="2023-10-04T16:04:18 IST" duration-ms="71906">
    <groups>
    </groups>
    <test started-at="2023-10-04T16:03:06 IST" name="Default test" finished-at="2023-10-04T16:04:18 IST" duration-ms="71906">
      <class name="tests.Demotest">
        <test-method is-config="true" signature="chrome()[pri:0, instance:tests.Demotest@18d87d80]" started-at="2023-10-04T16:03:06 IST" name="chrome" finished-at="2023-10-04T16:03:10 IST" duration-ms="4294" status="PASS">
          <reporter-output>
          </reporter-output>
        </test-method> <!-- chrome -->
        <test-method signature="test1()[pri:1, instance:tests.Demotest@18d87d80]" started-at="2023-10-04T16:03:10 IST" name="test1" finished-at="2023-10-04T16:03:23 IST" duration-ms="12356" status="PASS">
          <reporter-output>
          </reporter-output>
        </test-method> <!-- test1 -->
        <test-method is-config="true" signature="chrome()[pri:0, instance:tests.Demotest@18d87d80]" started-at="2023-10-04T16:03:23 IST" name="chrome" finished-at="2023-10-04T16:03:26 IST" duration-ms="3201" status="PASS">
          <reporter-output>
          </reporter-output>
        </test-method> <!-- chrome -->
        <test-method signature="test2()[pri:2, instance:tests.Demotest@18d87d80]" started-at="2023-10-04T16:03:26 IST" name="test2" finished-at="2023-10-04T16:03:34 IST" duration-ms="7940" status="PASS">
          <reporter-output>
          </reporter-output>
        </test-method> <!-- test2 -->
        <test-method is-config="true" signature="chrome()[pri:0, instance:tests.Demotest@18d87d80]" started-at="2023-10-04T16:03:34 IST" name="chrome" finished-at="2023-10-04T16:03:36 IST" duration-ms="2109" status="PASS">
          <reporter-output>
          </reporter-output>
        </test-method> <!-- chrome -->
        <test-method signature="test3()[pri:3, instance:tests.Demotest@18d87d80]" started-at="2023-10-04T16:03:36 IST" name="test3" finished-at="2023-10-04T16:03:44 IST" duration-ms="8049" status="PASS">
          <reporter-output>
          </reporter-output>
        </test-method> <!-- test3 -->
        <test-method is-config="true" signature="chrome()[pri:0, instance:tests.Demotest@18d87d80]" started-at="2023-10-04T16:03:44 IST" name="chrome" finished-at="2023-10-04T16:03:46 IST" duration-ms="2405" status="PASS">
          <reporter-output>
          </reporter-output>
        </test-method> <!-- chrome -->
        <test-method signature="test4()[pri:4, instance:tests.Demotest@18d87d80]" started-at="2023-10-04T16:03:46 IST" name="test4" finished-at="2023-10-04T16:03:55 IST" duration-ms="8338" status="PASS">
          <reporter-output>
          </reporter-output>
        </test-method> <!-- test4 -->
        <test-method is-config="true" signature="chrome()[pri:0, instance:tests.Demotest@18d87d80]" started-at="2023-10-04T16:03:55 IST" name="chrome" finished-at="2023-10-04T16:03:59 IST" duration-ms="3857" status="PASS">
          <reporter-output>
          </reporter-output>
        </test-method> <!-- chrome -->
        <test-method signature="test5()[pri:5, instance:tests.Demotest@18d87d80]" started-at="2023-10-04T16:03:59 IST" name="test5" finished-at="2023-10-04T16:04:07 IST" duration-ms="8244" status="PASS">
          <reporter-output>
          </reporter-output>
        </test-method> <!-- test5 -->
        <test-method is-config="true" signature="chrome()[pri:0, instance:tests.Demotest@18d87d80]" started-at="2023-10-04T16:04:07 IST" name="chrome" finished-at="2023-10-04T16:04:10 IST" duration-ms="3157" status="PASS">
          <reporter-output>
          </reporter-output>
        </test-method> <!-- chrome -->
        <test-method signature="test6()[pri:6, instance:tests.Demotest@18d87d80]" started-at="2023-10-04T16:04:10 IST" name="test6" finished-at="2023-10-04T16:04:18 IST" duration-ms="7901" status="PASS">
          <reporter-output>
          </reporter-output>
        </test-method> <!-- test6 -->
      </class> <!-- tests.Demotest -->
    </test> <!-- Default test -->
  </suite> <!-- Default suite -->
</testng-results>
